

Started GET "/" for 204.102.226.251 at 2016-10-07 07:50:11 +0000
Cannot render console from 204.102.226.251! Allowed networks: 127.0.0.1, ::1, 127.0.0.0/127.255.255.255
Processing by Rails::WelcomeController#index as HTML
  Rendered /usr/local/rvm/gems/ruby-2.3.0/gems/railties-4.2.5/lib/rails/templates/rails/welcome/index.html.erb (4.0ms)
Completed 200 OK in 37ms (Views: 26.0ms | ActiveRecord: 0.0ms)


Started GET "/" for 204.102.226.251 at 2016-10-07 08:07:26 +0000
Cannot render console from 204.102.226.251! Allowed networks: 127.0.0.1, ::1, 127.0.0.0/127.255.255.255
Processing by Rails::WelcomeController#index as HTML
  Rendered /usr/local/rvm/gems/ruby-2.3.0/gems/railties-4.2.5/lib/rails/templates/rails/welcome/index.html.erb (11.4ms)
Completed 200 OK in 39ms (Views: 27.5ms | ActiveRecord: 0.0ms)
Initializing jasmine.yml configuration
  [1m[36m (24.3ms)[0m  [1mCREATE TABLE "schema_migrations" ("version" varchar NOT NULL) [0m
  [1m[35m (0.1ms)[0m  select sqlite_version(*)
  [1m[36m (7.5ms)[0m  [1mCREATE UNIQUE INDEX "unique_schema_migrations" ON "schema_migrations" ("version")[0m
  [1m[35mActiveRecord::SchemaMigration Load (0.2ms)[0m  SELECT "schema_migrations".* FROM "schema_migrations"
  [1m[36m (0.3ms)[0m  [1mSELECT "schema_migrations"."version" FROM "schema_migrations"[0m
  [1m[36mActiveRecord::SchemaMigration Load (0.2ms)[0m  [1mSELECT "schema_migrations".* FROM "schema_migrations"[0m
Migrating to CreateGroups (20161020032920)
  [1m[35m (0.1ms)[0m  begin transaction
  [1m[36m (0.6ms)[0m  [1mCREATE TABLE "groups" ("id" INTEGER PRIMARY KEY AUTOINCREMENT NOT NULL, "group_name" varchar, "created_at" datetime NOT NULL, "updated_at" datetime NOT NULL) [0m
  [1m[35mSQL (0.3ms)[0m  INSERT INTO "schema_migrations" ("version") VALUES (?)  [["version", "20161020032920"]]
  [1m[36m (16.1ms)[0m  [1mcommit transaction[0m
Migrating to CreateProjects (20161020033138)
  [1m[35m (0.1ms)[0m  begin transaction
  [1m[36m (0.4ms)[0m  [1mCREATE TABLE "projects" ("id" INTEGER PRIMARY KEY AUTOINCREMENT NOT NULL, "project_name" varchar, "created_at" datetime NOT NULL, "updated_at" datetime NOT NULL) [0m
  [1m[35mSQL (0.1ms)[0m  INSERT INTO "schema_migrations" ("version") VALUES (?)  [["version", "20161020033138"]]
  [1m[36m (10.9ms)[0m  [1mcommit transaction[0m
  [1m[35mActiveRecord::SchemaMigration Load (0.1ms)[0m  SELECT "schema_migrations".* FROM "schema_migrations"
  [1m[36mActiveRecord::SchemaMigration Load (0.2ms)[0m  [1mSELECT "schema_migrations".* FROM "schema_migrations"[0m
  [1m[36m (0.2ms)[0m  [1mSELECT "schema_migrations"."version" FROM "schema_migrations"[0m
  [1m[36mActiveRecord::SchemaMigration Load (0.2ms)[0m  [1mSELECT "schema_migrations".* FROM "schema_migrations"[0m
  [1m[35m (0.1ms)[0m  begin transaction
  [1m[36mSQL (0.4ms)[0m  [1mINSERT INTO "groups" ("group_name", "created_at", "updated_at") VALUES (?, ?, ?)[0m  [["group_name", "a"], ["created_at", "2016-10-20 03:41:00.462556"], ["updated_at", "2016-10-20 03:41:00.462556"]]
  [1m[35m (11.1ms)[0m  commit transaction
  [1m[36m (0.1ms)[0m  [1mbegin transaction[0m
  [1m[35mSQL (0.3ms)[0m  INSERT INTO "groups" ("group_name", "created_at", "updated_at") VALUES (?, ?, ?)  [["group_name", "b"], ["created_at", "2016-10-20 03:41:00.480602"], ["updated_at", "2016-10-20 03:41:00.480602"]]
  [1m[36m (11.9ms)[0m  [1mcommit transaction[0m
  [1m[35m (0.1ms)[0m  begin transaction
  [1m[36mSQL (0.3ms)[0m  [1mINSERT INTO "groups" ("group_name", "created_at", "updated_at") VALUES (?, ?, ?)[0m  [["group_name", "c"], ["created_at", "2016-10-20 03:41:00.495373"], ["updated_at", "2016-10-20 03:41:00.495373"]]
  [1m[35m (10.5ms)[0m  commit transaction
  [1m[36m (0.1ms)[0m  [1mbegin transaction[0m
  [1m[35mSQL (0.2ms)[0m  INSERT INTO "groups" ("group_name", "created_at", "updated_at") VALUES (?, ?, ?)  [["group_name", "d"], ["created_at", "2016-10-20 03:41:00.508510"], ["updated_at", "2016-10-20 03:41:00.508510"]]
  [1m[36m (10.4ms)[0m  [1mcommit transaction[0m
  [1m[35m (0.1ms)[0m  begin transaction
  [1m[36mSQL (0.3ms)[0m  [1mINSERT INTO "projects" ("project_name", "created_at", "updated_at") VALUES (?, ?, ?)[0m  [["project_name", "1"], ["created_at", "2016-10-20 03:41:00.527950"], ["updated_at", "2016-10-20 03:41:00.527950"]]
  [1m[35m (10.2ms)[0m  commit transaction
  [1m[36m (0.1ms)[0m  [1mbegin transaction[0m
  [1m[35mSQL (0.2ms)[0m  INSERT INTO "projects" ("project_name", "created_at", "updated_at") VALUES (?, ?, ?)  [["project_name", "2"], ["created_at", "2016-10-20 03:41:00.540374"], ["updated_at", "2016-10-20 03:41:00.540374"]]
  [1m[36m (10.1ms)[0m  [1mcommit transaction[0m
  [1m[35m (0.1ms)[0m  begin transaction
  [1m[36mSQL (0.2ms)[0m  [1mINSERT INTO "projects" ("project_name", "created_at", "updated_at") VALUES (?, ?, ?)[0m  [["project_name", "3"], ["created_at", "2016-10-20 03:41:00.552490"], ["updated_at", "2016-10-20 03:41:00.552490"]]
  [1m[35m (9.4ms)[0m  commit transaction
  [1m[36m (0.1ms)[0m  [1mbegin transaction[0m
  [1m[35mSQL (0.3ms)[0m  INSERT INTO "projects" ("project_name", "created_at", "updated_at") VALUES (?, ?, ?)  [["project_name", "4"], ["created_at", "2016-10-20 03:41:00.565066"], ["updated_at", "2016-10-20 03:41:00.565066"]]
  [1m[36m (9.0ms)[0m  [1mcommit transaction[0m
