D, [2016-11-12T18:18:17.181111 #80391] DEBUG -- : Sending HTTP get https://sheets.googleapis.com/v4/spreadsheets/1BxiMVs0XRA5nFMdKvBdBZjgmUUqptlbs74OgvE2upms/values/Class%20Data%21A2%3AE?
D, [2016-11-12T18:18:17.827761 #80391] DEBUG -- : 200
D, [2016-11-12T18:18:17.827900 #80391] DEBUG -- : #<Hurley::Response GET https://sheets.googleapis.com/v4/spreadsheets/1BxiMVs0XRA5nFMdKvBdBZjgmUUqptlbs74OgvE2upms/values/Class%20Data%21A2%3AE == 200 (2794 bytes) 428ms>
D, [2016-11-12T18:18:17.832204 #80391] DEBUG -- : Success - #<Google::Apis::SheetsV4::ValueRange:0x007fc66a40bba8
 @major_dimension="ROWS",
 @range="'Class Data'!A2:E101",
 @values=
  [["Alexandra", "Female", "4. Senior", "CA", "English"],
   ["Andrew", "Male", "1. Freshman", "SD", "Math"],
   ["Anna", "Female", "1. Freshman", "NC", "English"],
   ["Becky", "Female", "2. Sophomore", "SD", "Art"],
   ["Benjamin", "Male", "4. Senior", "WI", "English"],
   ["Carl", "Male", "3. Junior", "MD", "Art"],
   ["Carrie", "Female", "3. Junior", "NE", "English"],
   ["Dorothy", "Female", "4. Senior", "MD", "Math"],
   ["Dylan", "Male", "1. Freshman", "MA", "Math"],
   ["Edward", "Male", "3. Junior", "FL", "English"],
   ["Ellen", "Female", "1. Freshman", "WI", "Physics"],
   ["Fiona", "Female", "1. Freshman", "MA", "Art"],
   ["John", "Male", "3. Junior", "CA", "Physics"],
   ["Jonathan", "Male", "2. Sophomore", "SC", "Math"],
   ["Joseph", "Male", "1. Freshman", "AK", "English"],
   ["Josephine", "Female", "1. Freshman", "NY", "Math"],
   ["Karen", "Female", "2. Sophomore", "NH", "English"],
   ["Kevin", "Male", "2. Sophomore", "NE", "Physics"],
   ["Lisa", "Female", "3. Junior", "SC", "Art"],
   ["Mary", "Female", "2. Sophomore", "AK", "Physics"],
   ["Maureen", "Female", "1. Freshman", "CA", "Physics"],
   ["Nick", "Male", "4. Senior", "NY", "Art"],
   ["Olivia", "Female", "4. Senior", "NC", "Physics"],
   ["Pamela", "Female", "3. Junior", "RI", "Math"],
   ["Patrick", "Male", "1. Freshman", "NY", "Art"],
   ["Robert", "Male", "1. Freshman", "CA", "English"],
   ["Sean", "Male", "1. Freshman", "NH", "Physics"],
   ["Stacy", "Female", "1. Freshman", "NY", "Math"],
   ["Thomas", "Male", "2. Sophomore", "RI", "Art"],
   ["Will", "Male", "4. Senior", "FL", "Math"]]>

